2023-10-27 22:36:38,211 - Produced Item-0. Buffer: ['Item-0']
2023-10-27 22:36:38,212 - Produced Item-0. Buffer: ['Item-0', 'Item-0']
2023-10-27 22:36:38,213 - Consumed Item-0. Buffer: ['Item-0']
2023-10-27 22:36:38,213 - Consumed Item-0. Buffer: []
2023-10-27 22:36:38,342 - Produced Item-1. Buffer: ['Item-1']
2023-10-27 22:36:38,347 - Consumed Item-1. Buffer: []
2023-10-27 22:36:38,507 - Produced Item-1. Buffer: ['Item-1']
2023-10-27 22:36:38,698 - Consumed Item-1. Buffer: []
2023-10-27 22:36:38,716 - Produced Item-2. Buffer: ['Item-2']
2023-10-27 22:36:38,748 - Consumed Item-2. Buffer: []
2023-10-27 22:36:38,834 - Produced Item-2. Buffer: ['Item-2']
2023-10-27 22:36:39,090 - Consumed Item-2. Buffer: []
2023-10-27 22:36:39,181 - Produced Item-3. Buffer: ['Item-3']
2023-10-27 22:36:39,206 - Consumed Item-3. Buffer: []
2023-10-27 22:36:39,246 - Produced Item-3. Buffer: ['Item-3']
2023-10-27 22:36:39,326 - Produced Item-4. Buffer: ['Item-3', 'Item-4']
2023-10-27 22:36:39,353 - Produced Item-4. Buffer: ['Item-3', 'Item-4', 'Item-4']
2023-10-27 22:36:39,364 - Consumed Item-3. Buffer: ['Item-4', 'Item-4']
2023-10-27 22:36:39,453 - Consumed Item-4. Buffer: ['Item-4']
2023-10-27 22:36:39,530 - Produced Item-5. Buffer: ['Item-4', 'Item-5']
2023-10-27 22:36:39,613 - Consumed Item-4. Buffer: ['Item-5']
2023-10-27 22:36:39,676 - Produced Item-5. Buffer: ['Item-5', 'Item-5']
2023-10-27 22:36:39,724 - Produced Item-6. Buffer: ['Item-5', 'Item-5', 'Item-6']
2023-10-27 22:36:39,761 - Consumed Item-5. Buffer: ['Item-5', 'Item-6']
2023-10-27 22:36:39,783 - Consumed Item-5. Buffer: ['Item-6']
2023-10-27 22:36:39,893 - Produced Item-6. Buffer: ['Item-6', 'Item-6']
2023-10-27 22:36:39,995 - Consumed Item-6. Buffer: ['Item-6']
2023-10-27 22:36:40,015 - Produced Item-7. Buffer: ['Item-6', 'Item-7']
2023-10-27 22:36:40,047 - Produced Item-7. Buffer: ['Item-6', 'Item-7', 'Item-7']
2023-10-27 22:36:40,140 - Produced Item-8. Buffer: ['Item-6', 'Item-7', 'Item-7', 'Item-8']
2023-10-27 22:36:40,172 - Produced Item-8. Buffer: ['Item-6', 'Item-7', 'Item-7', 'Item-8', 'Item-8']
2023-10-27 22:36:40,225 - Consumed Item-6. Buffer: ['Item-7', 'Item-7', 'Item-8', 'Item-8']
2023-10-27 22:36:40,266 - Consumed Item-7. Buffer: ['Item-7', 'Item-8', 'Item-8']
2023-10-27 22:36:40,381 - Produced Item-9. Buffer: ['Item-7', 'Item-8', 'Item-8', 'Item-9']
2023-10-27 22:36:40,506 - Consumed Item-7. Buffer: ['Item-8', 'Item-8', 'Item-9']
2023-10-27 22:36:40,546 - Produced Item-9. Buffer: ['Item-8', 'Item-8', 'Item-9', 'Item-9']
2023-10-27 22:36:40,646 - Consumed Item-8. Buffer: ['Item-8', 'Item-9', 'Item-9']
2023-10-27 22:36:40,928 - Consumed Item-8. Buffer: ['Item-9', 'Item-9']
2023-10-27 22:36:41,167 - Consumed Item-9. Buffer: ['Item-9']
2023-10-27 22:36:41,299 - Consumed Item-9. Buffer: []
